Unity Editor version:    2022.3.21f1 (bf09ca542b87)
Branch:                  2022.3/staging
Build type:              Release
Batch mode:              YES
macOS version:           Version 15.4 (Build 24E248)
Darwin version:          24.4.0
Architecture:            arm64
Running under Rosetta:   NO
Available memory:        65536 MB
[Licensing::Module] Trying to connect to existing licensing client channel...
[Licensing::IpcConnector] Successfully connected to the License Client on channel: "LicenseClient-arshadbarves" at "2025-04-13T16:48:13.183362Z"
[Licensing::Client] Error: Code 10 while verifying Licensing Client signature (process Id: 64244, path: "/Applications/Unity Hub.app/Contents/Frameworks/UnityLicensingClient_V1.app/Contents/MacOS/Unity.Licensing.Client")
[Licensing::Module] Error: LicensingClient has failed validation; ignoring
[Licensing::Client] Handshaking with LicensingClient:
  Version:                 1.16.2+bdef8f5
  Session Id:              2d2d825801a3463f99c652cb354c6d2d
  Correlation Id:          ba81b6a0985eaba16cc6b02e54e0b7ae
  External correlation Id: 3590167254398388679
  Machine Id:              jaiduNWyB7f8HWto3Bj8BvqrIbI=
[Licensing::Module] Successfully connected to LicensingClient on channel: "LicenseClient-arshadbarves" (connect: 0.00s, validation: 0.01s, handshake: 0.36s)
[Licensing::IpcConnector] Successfully connected to the License Notification on channel: "LicenseClient-arshadbarves-notifications" at "2025-04-13T16:48:13.551109Z"
[Licensing::Module] Error: Access token is unavailable; failed to update
[Licensing::Client] Successfully updated license
[Licensing::Client] Successfully resolved entitlements
[Licensing::Module] Serial number assigned to: "SC-P7Y6-R2ZD-88UD-R3EX-XXXX"
Pro License: YES
Launching external process: /Applications/Unity/Hub/Editor/2022.3.21f1/Unity.app/Contents/Resources/PackageManager/Server/UnityPackageManager

COMMAND LINE ARGUMENTS:
/Applications/Unity/Hub/Editor/2022.3.21f1/Unity.app/Contents/MacOS/Unity
-batchmode
-projectPath
.
-executeMethod
BuildScript.BuildAll
-logFile
build.log
-quit
Successfully changed project path to: /Users/arshadbarves/source/RecipeRage-New
/Users/arshadbarves/source/RecipeRage-New
It looks like another Unity instance is running with this project open.

Multiple Unity instances cannot open the same project.

Project: /Users/arshadbarves/source/RecipeRage-New
Fatal Error! It looks like another Unity instance is running with this project open.

Multiple Unity instances cannot open the same project.

Project: /Users/arshadbarves/source/RecipeRage-New
[Package Manager] Server::Kill -- Server was shutdown
